  [1m[36m (1.2ms)[0m  [1mCREATE TABLE "schema_migrations" ("version" varchar NOT NULL) [0m
  [1m[35m (0.0ms)[0m  select sqlite_version(*)
  [1m[36m (1.0ms)[0m  [1mCREATE UNIQUE INDEX "unique_schema_migrations" ON "schema_migrations" ("version")[0m
  [1m[35mActiveRecord::SchemaMigration Load (0.1ms)[0m  SELECT "schema_migrations".* FROM "schema_migrations"
  [1m[36mActiveRecord::SchemaMigration Load (0.1ms)[0m  [1mSELECT "schema_migrations".* FROM "schema_migrations"[0m
Migrating to CreatePosts (20151230232412)
  [1m[35m (0.1ms)[0m  begin transaction
  [1m[36m (0.4ms)[0m  [1mCREATE TABLE "posts" ("id" INTEGER PRIMARY KEY AUTOINCREMENT NOT NULL, "title" varchar, "description" text, "created_at" datetime NOT NULL, "updated_at" datetime NOT NULL) [0m
  [1m[35mSQL (0.2ms)[0m  INSERT INTO "schema_migrations" ("version") VALUES (?)  [["version", "20151230232412"]]
  [1m[36m (1.3ms)[0m  [1mcommit transaction[0m
  [1m[35mActiveRecord::SchemaMigration Load (0.1ms)[0m  SELECT "schema_migrations".* FROM "schema_migrations"


Started GET "/posts/new" for ::1 at 2015-12-31 13:44:56 -0600
  [1m[36mActiveRecord::SchemaMigration Load (0.1ms)[0m  [1mSELECT "schema_migrations".* FROM "schema_migrations"[0m
Processing by PostsController#new as HTML
  Rendered posts/new.html.erb within layouts/application (2.1ms)
Completed 200 OK in 347ms (Views: 326.8ms | ActiveRecord: 0.2ms)


Started GET "/assets/application.self-e80e8f2318043e8af94dddc2adad5a4f09739a8ebb323b3ab31cd71d45fd9113.css?body=1" for ::1 at 2015-12-31 13:44:57 -0600


Started GET "/assets/application.self-3b8dabdc891efe46b9a144b400ad69e37d7e5876bdc39dee783419a69d7ca819.js?body=1" for ::1 at 2015-12-31 13:44:57 -0600


Started POST "/posts" for ::1 at 2015-12-31 13:45:03 -0600
Processing by PostsController#create as HTML
  Parameters: {"utf8"=>"✓", "authenticity_token"=>"mFCuNJP5reOW19phdr4zXRLzOMo4NZQ3wneiVR+RO/+owIoDiOxh24iHKkZ7DGazxbSIoRmvIOmJgA4gog1sGg==", "title"=>"Rails Introduction Quiz", "description"=>"asdfasdf", "commit"=>"Submit Post"}
  [1m[35m (0.1ms)[0m  begin transaction
  [1m[36mSQL (0.4ms)[0m  [1mINSERT INTO "posts" ("title", "description", "created_at", "updated_at") VALUES (?, ?, ?, ?)[0m  [["title", "Rails Introduction Quiz"], ["description", "asdfasdf"], ["created_at", "2015-12-31 19:45:03.614973"], ["updated_at", "2015-12-31 19:45:03.614973"]]
  [1m[35m (1.2ms)[0m  commit transaction
Redirected to http://localhost:3000/posts/1
Completed 302 Found in 22ms (ActiveRecord: 1.7ms)


Started GET "/posts/1" for ::1 at 2015-12-31 13:45:03 -0600
Processing by PostsController#show as HTML
  Parameters: {"id"=>"1"}
  [1m[36mPost Load (0.2ms)[0m  [1mSELECT  "posts".* FROM "posts" WHERE "posts"."id" = ? LIMIT 1[0m  [["id", 1]]
  Rendered posts/show.html.erb within layouts/application (0.4ms)
Completed 200 OK in 27ms (Views: 10.4ms | ActiveRecord: 0.2ms)
  [1m[36m (0.1ms)[0m  [1mbegin transaction[0m
  [1m[35mSQL (1.0ms)[0m  INSERT INTO "posts" ("title", "description", "created_at", "updated_at") VALUES (?, ?, ?, ?)  [["title", "Title Goes Here"], ["description", "Desc goes here..."], ["created_at", "2018-08-10 17:21:26.837298"], ["updated_at", "2018-08-10 17:21:26.837298"]]
  [1m[36m (2.3ms)[0m  [1mcommit transaction[0m


Started GET "/" for ::1 at 2018-08-10 13:28:12 -0400
  [1m[36mActiveRecord::SchemaMigration Load (0.1ms)[0m  [1mSELECT "schema_migrations".* FROM "schema_migrations"[0m
Processing by Rails::WelcomeController#index as HTML
  Rendered /Users/thedoctor/.rvm/gems/ruby-2.3.3/gems/railties-4.2.10/lib/rails/templates/rails/welcome/index.html.erb (2.1ms)
Completed 200 OK in 28ms (Views: 17.4ms | ActiveRecord: 0.0ms)


Started GET "/posts" for ::1 at 2018-08-10 13:28:32 -0400
Processing by PostsController#index as HTML
  [1m[35mPost Load (0.2ms)[0m  SELECT "posts".* FROM "posts"
  Rendered posts/index.html.erb within layouts/application (6.3ms)
Completed 200 OK in 525ms (Views: 521.5ms | ActiveRecord: 0.6ms)


Started GET "/posts/new" for ::1 at 2018-08-10 13:28:39 -0400
Processing by PostsController#new as HTML
  Rendered posts/new.html.erb within layouts/application (1.2ms)
Completed 200 OK in 23ms (Views: 21.8ms | ActiveRecord: 0.0ms)


Started POST "/posts" for ::1 at 2018-08-10 13:28:42 -0400
Processing by PostsController#create as HTML
  Parameters: {"utf8"=>"✓", "authenticity_token"=>"CxY6eTXR63PC9KaQNkBYDxIZBNs0x7yfW9buq7O7zSjjwvTDDPCUufBTdD+R1EK24v89PHjhbFnpvfqQXTmMPA==", "title"=>"frefrg", "description"=>"egeg", "commit"=>"Submit Post"}
  [1m[36m (0.1ms)[0m  [1mbegin transaction[0m
  [1m[35mSQL (0.6ms)[0m  INSERT INTO "posts" ("title", "description", "created_at", "updated_at") VALUES (?, ?, ?, ?)  [["title", "frefrg"], ["description", "egeg"], ["created_at", "2018-08-10 17:28:42.736390"], ["updated_at", "2018-08-10 17:28:42.736390"]]
  [1m[36m (1.9ms)[0m  [1mcommit transaction[0m
Completed 500 Internal Server Error in 10ms (ActiveRecord: 2.6ms)

ActionController::UrlGenerationError (No route matches {:action=>"show", :controller=>"posts", :id=>nil} missing required keys: [:id]):
  app/controllers/posts_controller.rb:19:in `create'


  Rendered /Users/thedoctor/.rvm/gems/ruby-2.3.3/gems/actionpack-4.2.10/lib/action_dispatch/middleware/templates/rescues/_source.erb (4.6ms)
  Rendered /Users/thedoctor/.rvm/gems/ruby-2.3.3/gems/actionpack-4.2.10/lib/action_dispatch/middleware/templates/rescues/_trace.html.erb (7.9ms)
  Rendered /Users/thedoctor/.rvm/gems/ruby-2.3.3/gems/actionpack-4.2.10/lib/action_dispatch/middleware/templates/rescues/_request_and_response.html.erb (1.0ms)
  Rendered /Users/thedoctor/.rvm/gems/ruby-2.3.3/gems/actionpack-4.2.10/lib/action_dispatch/middleware/templates/rescues/diagnostics.html.erb within rescues/layout (113.5ms)


Started POST "/posts" for ::1 at 2018-08-10 13:29:44 -0400
Processing by PostsController#create as HTML
  Parameters: {"utf8"=>"✓", "authenticity_token"=>"CxY6eTXR63PC9KaQNkBYDxIZBNs0x7yfW9buq7O7zSjjwvTDDPCUufBTdD+R1EK24v89PHjhbFnpvfqQXTmMPA==", "title"=>"frefrg", "description"=>"egeg", "commit"=>"Submit Post"}
  [1m[35m (0.1ms)[0m  begin transaction
  [1m[36mSQL (0.7ms)[0m  [1mINSERT INTO "posts" ("title", "description", "created_at", "updated_at") VALUES (?, ?, ?, ?)[0m  [["title", "frefrg"], ["description", "egeg"], ["created_at", "2018-08-10 17:29:44.653206"], ["updated_at", "2018-08-10 17:29:44.653206"]]
  [1m[35m (1.9ms)[0m  commit transaction
Completed 500 Internal Server Error in 15ms (ActiveRecord: 3.3ms)

ActionController::UrlGenerationError (No route matches {:action=>"show", :controller=>"posts", :id=>nil} missing required keys: [:id]):
  app/controllers/posts_controller.rb:20:in `create'


  Rendered /Users/thedoctor/.rvm/gems/ruby-2.3.3/gems/actionpack-4.2.10/lib/action_dispatch/middleware/templates/rescues/_source.erb (4.3ms)
  Rendered /Users/thedoctor/.rvm/gems/ruby-2.3.3/gems/actionpack-4.2.10/lib/action_dispatch/middleware/templates/rescues/_trace.html.erb (2.3ms)
  Rendered /Users/thedoctor/.rvm/gems/ruby-2.3.3/gems/actionpack-4.2.10/lib/action_dispatch/middleware/templates/rescues/_request_and_response.html.erb (1.0ms)
  Rendered /Users/thedoctor/.rvm/gems/ruby-2.3.3/gems/actionpack-4.2.10/lib/action_dispatch/middleware/templates/rescues/diagnostics.html.erb within rescues/layout (104.7ms)


Started POST "/posts" for ::1 at 2018-08-10 13:29:48 -0400
Processing by PostsController#create as HTML
  Parameters: {"utf8"=>"✓", "authenticity_token"=>"CxY6eTXR63PC9KaQNkBYDxIZBNs0x7yfW9buq7O7zSjjwvTDDPCUufBTdD+R1EK24v89PHjhbFnpvfqQXTmMPA==", "title"=>"frefrg", "description"=>"egeg", "commit"=>"Submit Post"}
  [1m[36m (0.1ms)[0m  [1mbegin transaction[0m
  [1m[35mSQL (0.6ms)[0m  INSERT INTO "posts" ("title", "description", "created_at", "updated_at") VALUES (?, ?, ?, ?)  [["title", "frefrg"], ["description", "egeg"], ["created_at", "2018-08-10 17:29:48.210400"], ["updated_at", "2018-08-10 17:29:48.210400"]]
  [1m[36m (2.0ms)[0m  [1mcommit transaction[0m
Completed 500 Internal Server Error in 6ms (ActiveRecord: 2.6ms)

ActionController::UrlGenerationError (No route matches {:action=>"show", :controller=>"posts", :id=>nil} missing required keys: [:id]):
  app/controllers/posts_controller.rb:20:in `create'


  Rendered /Users/thedoctor/.rvm/gems/ruby-2.3.3/gems/actionpack-4.2.10/lib/action_dispatch/middleware/templates/rescues/_source.erb (3.7ms)
  Rendered /Users/thedoctor/.rvm/gems/ruby-2.3.3/gems/actionpack-4.2.10/lib/action_dispatch/middleware/templates/rescues/_trace.html.erb (2.0ms)
  Rendered /Users/thedoctor/.rvm/gems/ruby-2.3.3/gems/actionpack-4.2.10/lib/action_dispatch/middleware/templates/rescues/_request_and_response.html.erb (1.2ms)
  Rendered /Users/thedoctor/.rvm/gems/ruby-2.3.3/gems/actionpack-4.2.10/lib/action_dispatch/middleware/templates/rescues/diagnostics.html.erb within rescues/layout (87.6ms)


Started POST "/posts" for ::1 at 2018-08-10 13:30:09 -0400
Processing by PostsController#create as HTML
  Parameters: {"utf8"=>"✓", "authenticity_token"=>"CxY6eTXR63PC9KaQNkBYDxIZBNs0x7yfW9buq7O7zSjjwvTDDPCUufBTdD+R1EK24v89PHjhbFnpvfqQXTmMPA==", "title"=>"frefrg", "description"=>"egeg", "commit"=>"Submit Post"}
  [1m[35m (0.2ms)[0m  begin transaction
  [1m[36mSQL (0.8ms)[0m  [1mINSERT INTO "posts" ("title", "description", "created_at", "updated_at") VALUES (?, ?, ?, ?)[0m  [["title", "frefrg"], ["description", "egeg"], ["created_at", "2018-08-10 17:32:30.506644"], ["updated_at", "2018-08-10 17:32:30.506644"]]
  [1m[35m (2.8ms)[0m  commit transaction


Started POST "/posts" for ::1 at 2018-08-10 13:33:47 -0400
Processing by PostsController#create as HTML
  Parameters: {"utf8"=>"✓", "authenticity_token"=>"CxY6eTXR63PC9KaQNkBYDxIZBNs0x7yfW9buq7O7zSjjwvTDDPCUufBTdD+R1EK24v89PHjhbFnpvfqQXTmMPA==", "title"=>"frefrg", "description"=>"egeg", "commit"=>"Submit Post"}
Completed 500 Internal Server Error in 48606ms (ActiveRecord: 0.0ms)

SystemExit (exit):
  app/controllers/posts_controller.rb:16:in `create'


  Rendered /Users/thedoctor/.rvm/gems/ruby-2.3.3/gems/actionpack-4.2.10/lib/action_dispatch/middleware/templates/rescues/_source.erb (106.4ms)
  Rendered /Users/thedoctor/.rvm/gems/ruby-2.3.3/gems/actionpack-4.2.10/lib/action_dispatch/middleware/templates/rescues/_trace.html.erb (28.3ms)
  Rendered /Users/thedoctor/.rvm/gems/ruby-2.3.3/gems/actionpack-4.2.10/lib/action_dispatch/middleware/templates/rescues/_request_and_response.html.erb (3.2ms)
  Rendered /Users/thedoctor/.rvm/gems/ruby-2.3.3/gems/actionpack-4.2.10/lib/action_dispatch/middleware/templates/rescues/diagnostics.html.erb within rescues/layout (235.9ms)


Started POST "/posts" for ::1 at 2018-08-10 13:34:51 -0400
Processing by PostsController#create as HTML
  Parameters: {"utf8"=>"✓", "authenticity_token"=>"CxY6eTXR63PC9KaQNkBYDxIZBNs0x7yfW9buq7O7zSjjwvTDDPCUufBTdD+R1EK24v89PHjhbFnpvfqQXTmMPA==", "title"=>"frefrg", "description"=>"egeg", "commit"=>"Submit Post"}
Completed 500 Internal Server Error in 28ms (ActiveRecord: 0.0ms)

ActionController::UrlGenerationError (No route matches {:action=>"show", :controller=>"posts", :id=>nil} missing required keys: [:id]):
  app/controllers/posts_controller.rb:17:in `create'


  Rendered /Users/thedoctor/.rvm/gems/ruby-2.3.3/gems/actionpack-4.2.10/lib/action_dispatch/middleware/templates/rescues/_source.erb (4.0ms)
  Rendered /Users/thedoctor/.rvm/gems/ruby-2.3.3/gems/actionpack-4.2.10/lib/action_dispatch/middleware/templates/rescues/_trace.html.erb (1.9ms)
  Rendered /Users/thedoctor/.rvm/gems/ruby-2.3.3/gems/actionpack-4.2.10/lib/action_dispatch/middleware/templates/rescues/_request_and_response.html.erb (0.9ms)
  Rendered /Users/thedoctor/.rvm/gems/ruby-2.3.3/gems/actionpack-4.2.10/lib/action_dispatch/middleware/templates/rescues/diagnostics.html.erb within rescues/layout (91.5ms)


Started POST "/posts" for ::1 at 2018-08-10 13:36:32 -0400
Processing by PostsController#create as HTML
  Parameters: {"utf8"=>"✓", "authenticity_token"=>"CxY6eTXR63PC9KaQNkBYDxIZBNs0x7yfW9buq7O7zSjjwvTDDPCUufBTdD+R1EK24v89PHjhbFnpvfqQXTmMPA==", "title"=>"frefrg", "description"=>"egeg", "commit"=>"Submit Post"}
Completed 500 Internal Server Error in 5ms (ActiveRecord: 0.0ms)

ActionController::UrlGenerationError (No route matches {:action=>"show", :controller=>"posts", :id=>nil} missing required keys: [:id]):
  app/controllers/posts_controller.rb:17:in `create'


  Rendered /Users/thedoctor/.rvm/gems/ruby-2.3.3/gems/actionpack-4.2.10/lib/action_dispatch/middleware/templates/rescues/_source.erb (4.5ms)
  Rendered /Users/thedoctor/.rvm/gems/ruby-2.3.3/gems/actionpack-4.2.10/lib/action_dispatch/middleware/templates/rescues/_trace.html.erb (2.0ms)
  Rendered /Users/thedoctor/.rvm/gems/ruby-2.3.3/gems/actionpack-4.2.10/lib/action_dispatch/middleware/templates/rescues/_request_and_response.html.erb (0.9ms)
  Rendered /Users/thedoctor/.rvm/gems/ruby-2.3.3/gems/actionpack-4.2.10/lib/action_dispatch/middleware/templates/rescues/diagnostics.html.erb within rescues/layout (93.4ms)


Started POST "/posts" for ::1 at 2018-08-10 13:38:37 -0400
Processing by PostsController#create as HTML
  Parameters: {"utf8"=>"✓", "authenticity_token"=>"CxY6eTXR63PC9KaQNkBYDxIZBNs0x7yfW9buq7O7zSjjwvTDDPCUufBTdD+R1EK24v89PHjhbFnpvfqQXTmMPA==", "title"=>"frefrg", "description"=>"egeg", "commit"=>"Submit Post"}
Completed 500 Internal Server Error in 33ms (ActiveRecord: 0.0ms)

ActionController::UrlGenerationError (No route matches {:action=>"show", :controller=>"posts", :id=>nil} missing required keys: [:id]):
  app/controllers/posts_controller.rb:17:in `create'


  Rendered /Users/thedoctor/.rvm/gems/ruby-2.3.3/gems/actionpack-4.2.10/lib/action_dispatch/middleware/templates/rescues/_source.erb (5.2ms)
  Rendered /Users/thedoctor/.rvm/gems/ruby-2.3.3/gems/actionpack-4.2.10/lib/action_dispatch/middleware/templates/rescues/_trace.html.erb (2.4ms)
  Rendered /Users/thedoctor/.rvm/gems/ruby-2.3.3/gems/actionpack-4.2.10/lib/action_dispatch/middleware/templates/rescues/_request_and_response.html.erb (1.2ms)
  Rendered /Users/thedoctor/.rvm/gems/ruby-2.3.3/gems/actionpack-4.2.10/lib/action_dispatch/middleware/templates/rescues/diagnostics.html.erb within rescues/layout (98.6ms)


Started POST "/posts" for ::1 at 2018-08-10 13:39:19 -0400
Processing by PostsController#create as HTML
  Parameters: {"utf8"=>"✓", "authenticity_token"=>"CxY6eTXR63PC9KaQNkBYDxIZBNs0x7yfW9buq7O7zSjjwvTDDPCUufBTdD+R1EK24v89PHjhbFnpvfqQXTmMPA==", "title"=>"frefrg", "description"=>"egeg", "commit"=>"Submit Post"}
Completed 500 Internal Server Error in 13ms (ActiveRecord: 0.0ms)

ActionController::UrlGenerationError (No route matches {:action=>"show", :controller=>"posts"} missing required keys: [:id]):
  app/controllers/posts_controller.rb:17:in `create'


  Rendered /Users/thedoctor/.rvm/gems/ruby-2.3.3/gems/actionpack-4.2.10/lib/action_dispatch/middleware/templates/rescues/_source.erb (4.1ms)
  Rendered /Users/thedoctor/.rvm/gems/ruby-2.3.3/gems/actionpack-4.2.10/lib/action_dispatch/middleware/templates/rescues/_trace.html.erb (2.2ms)
  Rendered /Users/thedoctor/.rvm/gems/ruby-2.3.3/gems/actionpack-4.2.10/lib/action_dispatch/middleware/templates/rescues/_request_and_response.html.erb (1.3ms)
  Rendered /Users/thedoctor/.rvm/gems/ruby-2.3.3/gems/actionpack-4.2.10/lib/action_dispatch/middleware/templates/rescues/diagnostics.html.erb within rescues/layout (93.7ms)


Started POST "/posts" for ::1 at 2018-08-10 13:39:32 -0400
Processing by PostsController#create as HTML
  Parameters: {"utf8"=>"✓", "authenticity_token"=>"CxY6eTXR63PC9KaQNkBYDxIZBNs0x7yfW9buq7O7zSjjwvTDDPCUufBTdD+R1EK24v89PHjhbFnpvfqQXTmMPA==", "title"=>"frefrg", "description"=>"egeg", "commit"=>"Submit Post"}
Completed 500 Internal Server Error in 28ms (ActiveRecord: 0.0ms)

ActionController::UrlGenerationError (No route matches {:action=>"show", :controller=>"posts"} missing required keys: [:id]):
  app/controllers/posts_controller.rb:17:in `create'


  Rendered /Users/thedoctor/.rvm/gems/ruby-2.3.3/gems/actionpack-4.2.10/lib/action_dispatch/middleware/templates/rescues/_source.erb (4.5ms)
  Rendered /Users/thedoctor/.rvm/gems/ruby-2.3.3/gems/actionpack-4.2.10/lib/action_dispatch/middleware/templates/rescues/_trace.html.erb (2.1ms)
  Rendered /Users/thedoctor/.rvm/gems/ruby-2.3.3/gems/actionpack-4.2.10/lib/action_dispatch/middleware/templates/rescues/_request_and_response.html.erb (0.9ms)
  Rendered /Users/thedoctor/.rvm/gems/ruby-2.3.3/gems/actionpack-4.2.10/lib/action_dispatch/middleware/templates/rescues/diagnostics.html.erb within rescues/layout (95.0ms)


Started POST "/posts" for ::1 at 2018-08-10 13:39:44 -0400
Processing by PostsController#create as HTML
  Parameters: {"utf8"=>"✓", "authenticity_token"=>"CxY6eTXR63PC9KaQNkBYDxIZBNs0x7yfW9buq7O7zSjjwvTDDPCUufBTdD+R1EK24v89PHjhbFnpvfqQXTmMPA==", "title"=>"frefrg", "description"=>"egeg", "commit"=>"Submit Post"}
Redirected to http://localhost:3000/posts
Completed 302 Found in 12ms (ActiveRecord: 0.0ms)


Started GET "/posts" for ::1 at 2018-08-10 13:39:45 -0400
Processing by PostsController#index as HTML
  Rendered posts/index.html.erb within layouts/application (2.2ms)
Completed 200 OK in 371ms (Views: 367.9ms | ActiveRecord: 0.0ms)
